make all --print-data-base --no-builtin-variables --no-builtin-rules --question
# GNU Make 4.3
# Built for x86_64-pc-linux-gnu
# Copyright (C) 1988-2020 Free Software Foundation, Inc.
# License GPLv3+: GNU GPL version 3 or later <http://gnu.org/licenses/gpl.html>
# This is free software: you are free to change and redistribute it.
# There is NO WARRANTY, to the extent permitted by law.

# Make data base, printed on Sat Aug 27 18:20:08 2022

# Variables

# environment
GDK_BACKEND = x11
# environment
LC_ALL = C
# environment
I3SOCK = /run/user/1000/i3/ipc-socket.1875
# environment
VSCODE_CWD = /home/josewrpereira
# environment
WINDOWPATH = 2
# environment
GDM_LANG = pt_BR.UTF-8
# default
MAKE_COMMAND := make
# environment
QT_ACCESSIBILITY = 1
# automatic
@D = $(patsubst %/,%,$(dir $@))
# environment
VSCODE_HANDLES_UNCAUGHT_ERRORS = true
# default
.VARIABLES := 
# environment
PWD = /home/josewrpereira/prog/uc/pic/cpu_bt_wifi
# automatic
%D = $(patsubst %/,%,$(dir $%))
# makefile (from 'makefile', line 3)
DEVICE = 16F887
# environment
XDG_DATA_DIRS = /usr/local/share/:/usr/share/:/var/lib/snapd/desktop
# automatic
^D = $(patsubst %/,%,$(dir $^))
# automatic
%F = $(notdir $%)
# environment
VSCODE_CODE_CACHE_PATH = /home/josewrpereira/.config/Code/CachedData/e4503b30fc78200f846c62cf8091b76ff5547662
# environment
LANG = C
# environment
XAUTHORITY = /run/user/1000/gdm/Xauthority
# default
.LOADED := 
# default
.INCLUDE_DIRS = /usr/local/include /usr/include /usr/include
# makefile
MAKEFLAGS = pqrR
# makefile (from 'makefile', line 1)
PROJECT = cpu_bt_wifi
# makefile
CURDIR := /home/josewrpereira/prog/uc/pic/cpu_bt_wifi
# environment
APPLICATION_INSIGHTS_NO_DIAGNOSTIC_CHANNEL = 1
# makefile (from 'makefile', line 7)
SRCS := delay.c error.c eusart.c interrupt.c keyboard.c lcd.c main.c
# automatic
*D = $(patsubst %/,%,$(dir $*))
# environment
MFLAGS = -pqrR
# environment
SSH_AUTH_SOCK = /tmp/ssh-SsbOiKgLjDZS/agent.1875
# default
.SHELLFLAGS := -c
# automatic
+D = $(patsubst %/,%,$(dir $+))
# environment
XDG_SESSION_DESKTOP = i3
# makefile (from 'makefile', line 1)
MAKEFILE_LIST := makefile
# automatic
@F = $(notdir $@)
# environment
VSCODE_PID = 17430
# environment
XDG_SESSION_TYPE = x11
# automatic
?D = $(patsubst %/,%,$(dir $?))
# automatic
*F = $(notdir $*)
# environment
CHROME_DESKTOP = code-url-handler.desktop
# environment
DBUS_SESSION_BUS_ADDRESS = unix:path=/run/user/1000/bus
# automatic
<D = $(patsubst %/,%,$(dir $<))
# environment
VSCODE_NLS_CONFIG = {"locale":"pt-br","availableLanguages":{},"_languagePackSupport":true}
# default
MAKE_HOST := x86_64-pc-linux-gnu
# makefile
SHELL = /bin/sh
# default
MAKECMDGOALS := all
# environment
XMODIFIERS = @im=ibus
# environment
MAKELEVEL := 0
# default
MAKE = $(MAKE_COMMAND)
# environment
PATH = /home/josewrpereira/.local/bin:/usr/local/bin:/usr/bin:/bin:/usr/local/games:/usr/games:/snap/bin:/home/josewrpereira/.rvm/bin
# default
MAKEFILES := 
# automatic
^F = $(notdir $^)
# makefile (from 'makefile', line 9)
BUILDS := dist/default/production/delay.p1 dist/default/production/error.p1 dist/default/production/eusart.p1 dist/default/production/interrupt.p1 dist/default/production/keyboard.p1 dist/default/production/lcd.p1 dist/default/production/main.p1
# makefile (from 'makefile', line 8)
BINS := delay.p1 error.p1 eusart.p1 interrupt.p1 keyboard.p1 lcd.p1 main.p1
# environment
USERNAME = josewrpereira
# automatic
?F = $(notdir $?)
# environment
XDG_SEAT = seat0
# environment
GTK_IM_MODULE = ibus
# environment
XDG_CURRENT_DESKTOP = i3
# automatic
+F = $(notdir $+)
# environment
DESKTOP_SESSION = i3
# environment
ORIGINAL_XDG_CURRENT_DESKTOP = i3
# 'override' directive
GNUMAKEFLAGS := 
# environment
CLUTTER_IM_MODULE = ibus
# environment
LOGNAME = josewrpereira
# environment
XDG_VTNR = 2
# makefile
.DEFAULT_GOAL := all
# environment
DISPLAY = :0
# environment
USER = josewrpereira
# environment
GTK_MODULES = gail:atk-bridge
# default
MAKE_VERSION := 4.3
# makefile (from 'makefile', line 5)
BUILD = dist/default/production
# environment
SSH_AGENT_PID = 1933
# environment
XDG_RUNTIME_DIR = /run/user/1000
# environment
GPG_AGENT_INFO = /run/user/1000/gnupg/S.gpg-agent:0:1
# environment
XDG_SESSION_CLASS = user
# environment
VSCODE_AMD_ENTRYPOINT = vs/workbench/api/node/extensionHostProcess
# environment
HOME = /home/josewrpereira
# environment
QT_IM_MODULE = ibus
# environment
ELECTRON_RUN_AS_NODE = 1
# environment
VSCODE_IPC_HOOK = /run/user/1000/vscode-b6c09ef6-1.70.2-main.sock
# environment
XDG_SESSION_ID = 2
# default
.RECIPEPREFIX := 
# automatic
<F = $(notdir $<)
# default
SUFFIXES := 
# environment
VSCODE_CLI = 1
# environment
ELECTRON_NO_ATTACH_CONSOLE = 1
# default
.FEATURES := target-specific order-only second-expansion else-if shortest-stem undefine oneshell nocomment grouped-target extra-prereqs archives jobserver output-sync check-symlink load
# makefile (from 'makefile', line 2)
CC = /opt/microchip/xc8/v2.32/bin/xc8-cc
# makefile (from 'makefile', line 4)
DFP = "/opt/microchip/mplabx/v5.45/packs/Microchip/PIC16Fxxx_DFP/1.2.33/xc8"
# environment
GDMSESSION = i3
# variable set hash-table stats:
# Load=91/1024=9%, Rehash=0, Collisions=6/131=5%

# Pattern-specific Variable Values

# No pattern-specific variable values.

# Directories

# . (device 2051, inode 12721155): 21 files, no impossibilities.

# 21 files, no impossibilities in 1 directories.

# Implicit Rules

%.p1: %.c
#  recipe to execute (from 'makefile', line 15):
	$(CC) -mcpu=$(DEVICE) -c   -mdfp=$(DFP)  -fno-short-double -fno-short-float -O0 -fasmfile -maddrqual=ignore -xassembler-with-cpp -mwarn=-3 -Wa,-a -DXPRJ_default=default  -msummary=-psect,-class,+mem,-hex,-file  -ginhx032 -Wl,--data-init -mno-keep-startup -mno-osccal -mno-resetbits -mno-save-resetbits -mno-download -mno-stackcall   -std=c99 -gdwarf-3 -mstack=compiled:auto:auto     -o $(BUILD)/$@ $< 

# 1 implicit rules, 0 (0.0%) terminal.
# Files

# Not a target:
keyboard.p1:
#  Implicit rule search has not been done.
#  Modification time never checked.
#  File has not been updated.

# Not a target:
lcd.p1:
#  Implicit rule search has not been done.
#  Modification time never checked.
#  File has not been updated.

off:
#  Implicit rule search has not been done.
#  Modification time never checked.
#  File has not been updated.
#  recipe to execute (from 'makefile', line 35):
	pk2cmd -P -W

detect:
#  Implicit rule search has not been done.
#  Modification time never checked.
#  File has not been updated.
#  recipe to execute (from 'makefile', line 26):
	pk2cmd -P

flash: dist/default/production/cpu_bt_wifi.hex
#  Implicit rule search has not been done.
#  Modification time never checked.
#  File has not been updated.
#  recipe to execute (from 'makefile', line 32):
	pk2cmd -P PIC$(DEVICE) -F ./$(BUILD)/$(PROJECT).hex -M -T

# Not a target:
main.p1:
#  Implicit rule search has not been done.
#  Modification time never checked.
#  File has not been updated.

# Not a target:
eusart.p1:
#  Implicit rule search has not been done.
#  Modification time never checked.
#  File has not been updated.

# Not a target:
error.p1:
#  Implicit rule search has not been done.
#  Modification time never checked.
#  File has not been updated.

clear:
#  Implicit rule search has not been done.
#  Modification time never checked.
#  File has not been updated.
#  recipe to execute (from 'makefile', line 21):
	rm -rf ./build
	rm -rf ./dist

# Not a target:
.DEFAULT:
#  Implicit rule search has not been done.
#  Modification time never checked.
#  File has not been updated.

all: build delay.p1 error.p1 eusart.p1 interrupt.p1 keyboard.p1 lcd.p1 main.p1
#  Command line target.
#  Implicit rule search has not been done.
#  File does not exist.
 
#  File has been updated.
#  Needs to be updated (-q is set).
# variable set hash-table stats:
# Load=0/32=0%, Rehash=0, Collisions=0/4=0%
#  recipe to execute (from 'makefile', line 12):
	$(CC)  -mcpu=$(DEVICE) -Wl,-Map=$(BUILD)/$(PROJECT).map  -DXPRJ_default=default  -Wl,--defsym=__MPLAB_BUILD=1   -mdfp=$(DFP)  -fno-short-double -fno-short-float -O0 -fasmfile -maddrqual=ignore -xassembler-with-cpp -mwarn=-3 -Wa,-a -msummary=-psect,-class,+mem,-hex,-file  -ginhx032 -Wl,--data-init -mno-keep-startup -mno-osccal -mno-resetbits -mno-save-resetbits -mno-download -mno-stackcall -std=c99 -gdwarf-3 -mstack=compiled:auto:auto      -Wl,--memorysummary,$(BUILD)/memoryfile.xml -o $(BUILD)/$(PROJECT).elf  $(BUILDS)

# Not a target:
interrupt.p1:
#  Implicit rule search has not been done.
#  Modification time never checked.
#  File has not been updated.

build:
#  Implicit rule search has not been done.
#  Implicit/static pattern stem: ''
#  File does not exist.
#  File has been updated.
#  Needs to be updated (-q is set).
# automatic
# @ := build
# automatic
# * := 
# automatic
# < := 
# automatic
# + := 
# automatic
# % := 
# automatic
# ^ := 
# automatic
# ? := 
# automatic
# | := 
# variable set hash-table stats:
# Load=8/32=25%, Rehash=0, Collisions=1/12=8%
#  recipe to execute (from 'makefile', line 18):
	mkdir -p $(BUILD)

# Not a target:
delay.p1:
#  Implicit rule search has not been done.
#  Modification time never checked.
#  File has not been updated.

# Not a target:
makefile:
#  Implicit rule search has been done.
#  Last modified 2022-07-26 15:25:17.441728723
#  File has been updated.
#  Successfully updated.

# Not a target:
dist/default/production/cpu_bt_wifi.hex:
#  Implicit rule search has not been done.
#  Modification time never checked.
#  File has not been updated.

erase:
#  Implicit rule search has not been done.
#  Modification time never checked.
#  File has not been updated.
#  recipe to execute (from 'makefile', line 29):
	pk2cmd -P -E

# Not a target:
.SUFFIXES:
#  Implicit rule search has not been done.
#  Modification time never checked.
#  File has not been updated.

on:
#  Implicit rule search has not been done.
#  Modification time never checked.
#  File has not been updated.
#  recipe to execute (from 'makefile', line 38):
	pk2cmd -P -T

# files hash-table stats:
# Load=19/1024=2%, Rehash=0, Collisions=1/41=2%
# VPATH Search Paths

# No 'vpath' search paths.

# No general ('VPATH' variable) search path.

# strcache buffers: 1 (0) / strings = 43 / storage = 375 B / avg = 8 B
# current buf: size = 8162 B / used = 375 B / count = 43 / avg = 8 B

# strcache performance: lookups = 58 / hit rate = 25%
# hash-table stats:
# Load=43/8192=1%, Rehash=0, Collisions=0/58=0%
# Finished Make data base on Sat Aug 27 18:20:08 2022

 
